Analysis & Synthesis report for FiltroMediaMovel
Fri Jun 10 18:28:33 2022
Quartus Prime Version 19.1.0 Build 670 09/22/2019 SJ Lite Edition


---------------------
; Table of Contents ;
---------------------
  1. Legal Notice
  2. Analysis & Synthesis Summary
  3. Analysis & Synthesis Settings
  4. Parallel Compilation
  5. Analysis & Synthesis Source Files Read
  6. Analysis & Synthesis Resource Usage Summary
  7. Analysis & Synthesis Resource Utilization by Entity
  8. General Register Statistics
  9. Multiplexer Restructuring Statistics (Restructuring Performed)
 10. Parameter Settings for User Entity Instance: PulseGenerator:Hz2Lane
 11. Parameter Settings for User Entity Instance: DebounceUnit:DebounceKEY0
 12. Parameter Settings for User Entity Instance: DebounceUnit:DebounceKEY1
 13. Parameter Settings for User Entity Instance: DebounceUnit:DebounceKEY2
 14. Parameter Settings for Inferred Entity Instance: DataDisplayManager:RomDisplay|lpm_divide:Div0
 15. Parameter Settings for Inferred Entity Instance: DataDisplayManager:RomDisplay|lpm_divide:Mod0
 16. Parameter Settings for Inferred Entity Instance: DataDisplayManager:RomDisplay|lpm_divide:Div1
 17. Parameter Settings for Inferred Entity Instance: DataDisplayManager:RomDisplay|lpm_divide:Mod2
 18. Port Connectivity Checks: "DataDisplayManager:RomDisplay|Bin7SegDec:signalDisplayProc"
 19. Port Connectivity Checks: "AddressGenerator:AddressGenerator"
 20. Port Connectivity Checks: "DebounceUnit:DebounceKEY2"
 21. Port Connectivity Checks: "DebounceUnit:DebounceKEY1"
 22. Port Connectivity Checks: "DebounceUnit:DebounceKEY0"
 23. Port Connectivity Checks: "PulseGenerator:Hz2Lane"
 24. Post-Synthesis Netlist Statistics for Top Partition
 25. Elapsed Time Per Partition
 26. Analysis & Synthesis Messages



----------------
; Legal Notice ;
----------------
Copyright (C) 2019  Intel Corporation. All rights reserved.
Your use of Intel Corporation's design tools, logic functions 
and other software and tools, and any partner logic 
functions, and any output files from any of the foregoing 
(including device programming or simulation files), and any 
associated documentation or information are expressly subject 
to the terms and conditions of the Intel Program License 
Subscription Agreement, the Intel Quartus Prime License Agreement,
the Intel FPGA IP License Agreement, or other applicable license
agreement, including, without limitation, that your use is for
the sole purpose of programming logic devices manufactured by
Intel and sold by Intel or its authorized distributors.  Please
refer to the applicable agreement for further details, at
https://fpgasoftware.intel.com/eula.



+----------------------------------------------------------------------------------+
; Analysis & Synthesis Summary                                                     ;
+------------------------------------+---------------------------------------------+
; Analysis & Synthesis Status        ; Successful - Fri Jun 10 18:28:33 2022       ;
; Quartus Prime Version              ; 19.1.0 Build 670 09/22/2019 SJ Lite Edition ;
; Revision Name                      ; FiltroMediaMovel                            ;
; Top-level Entity Name              ; FiltroMediaMovel                            ;
; Family                             ; Cyclone IV E                                ;
; Total logic elements               ; 506                                         ;
;     Total combinational functions  ; 506                                         ;
;     Dedicated logic registers      ; 34                                          ;
; Total registers                    ; 34                                          ;
; Total pins                         ; 69                                          ;
; Total virtual pins                 ; 0                                           ;
; Total memory bits                  ; 0                                           ;
; Embedded Multiplier 9-bit elements ; 0                                           ;
; Total PLLs                         ; 0                                           ;
+------------------------------------+---------------------------------------------+


+------------------------------------------------------------------------------------------------------------+
; Analysis & Synthesis Settings                                                                              ;
+------------------------------------------------------------------+--------------------+--------------------+
; Option                                                           ; Setting            ; Default Value      ;
+------------------------------------------------------------------+--------------------+--------------------+
; Device                                                           ; EP4CE115F29C7      ;                    ;
; Top-level entity name                                            ; FiltroMediaMovel   ; FiltroMediaMovel   ;
; Family name                                                      ; Cyclone IV E       ; Cyclone V          ;
; Use smart compilation                                            ; Off                ; Off                ;
; Enable parallel Assembler and Timing Analyzer during compilation ; On                 ; On                 ;
; Enable compact report table                                      ; Off                ; Off                ;
; Restructure Multiplexers                                         ; Auto               ; Auto               ;
; Create Debugging Nodes for IP Cores                              ; Off                ; Off                ;
; Preserve fewer node names                                        ; On                 ; On                 ;
; Intel FPGA IP Evaluation Mode                                    ; Enable             ; Enable             ;
; Verilog Version                                                  ; Verilog_2001       ; Verilog_2001       ;
; VHDL Version                                                     ; VHDL_1993          ; VHDL_1993          ;
; State Machine Processing                                         ; Auto               ; Auto               ;
; Safe State Machine                                               ; Off                ; Off                ;
; Extract Verilog State Machines                                   ; On                 ; On                 ;
; Extract VHDL State Machines                                      ; On                 ; On                 ;
; Ignore Verilog initial constructs                                ; Off                ; Off                ;
; Iteration limit for constant Verilog loops                       ; 5000               ; 5000               ;
; Iteration limit for non-constant Verilog loops                   ; 250                ; 250                ;
; Add Pass-Through Logic to Inferred RAMs                          ; On                 ; On                 ;
; Infer RAMs from Raw Logic                                        ; On                 ; On                 ;
; Parallel Synthesis                                               ; On                 ; On                 ;
; DSP Block Balancing                                              ; Auto               ; Auto               ;
; NOT Gate Push-Back                                               ; On                 ; On                 ;
; Power-Up Don't Care                                              ; On                 ; On                 ;
; Remove Redundant Logic Cells                                     ; Off                ; Off                ;
; Remove Duplicate Registers                                       ; On                 ; On                 ;
; Ignore CARRY Buffers                                             ; Off                ; Off                ;
; Ignore CASCADE Buffers                                           ; Off                ; Off                ;
; Ignore GLOBAL Buffers                                            ; Off                ; Off                ;
; Ignore ROW GLOBAL Buffers                                        ; Off                ; Off                ;
; Ignore LCELL Buffers                                             ; Off                ; Off                ;
; Ignore SOFT Buffers                                              ; On                 ; On                 ;
; Limit AHDL Integers to 32 Bits                                   ; Off                ; Off                ;
; Optimization Technique                                           ; Balanced           ; Balanced           ;
; Carry Chain Length                                               ; 70                 ; 70                 ;
; Auto Carry Chains                                                ; On                 ; On                 ;
; Auto Open-Drain Pins                                             ; On                 ; On                 ;
; Perform WYSIWYG Primitive Resynthesis                            ; Off                ; Off                ;
; Auto ROM Replacement                                             ; On                 ; On                 ;
; Auto RAM Replacement                                             ; On                 ; On                 ;
; Auto DSP Block Replacement                                       ; On                 ; On                 ;
; Auto Shift Register Replacement                                  ; Auto               ; Auto               ;
; Allow Shift Register Merging across Hierarchies                  ; Auto               ; Auto               ;
; Auto Clock Enable Replacement                                    ; On                 ; On                 ;
; Strict RAM Replacement                                           ; Off                ; Off                ;
; Allow Synchronous Control Signals                                ; On                 ; On                 ;
; Force Use of Synchronous Clear Signals                           ; Off                ; Off                ;
; Auto RAM Block Balancing                                         ; On                 ; On                 ;
; Auto RAM to Logic Cell Conversion                                ; Off                ; Off                ;
; Auto Resource Sharing                                            ; Off                ; Off                ;
; Allow Any RAM Size For Recognition                               ; Off                ; Off                ;
; Allow Any ROM Size For Recognition                               ; Off                ; Off                ;
; Allow Any Shift Register Size For Recognition                    ; Off                ; Off                ;
; Use LogicLock Constraints during Resource Balancing              ; On                 ; On                 ;
; Ignore translate_off and synthesis_off directives                ; Off                ; Off                ;
; Timing-Driven Synthesis                                          ; On                 ; On                 ;
; Report Parameter Settings                                        ; On                 ; On                 ;
; Report Source Assignments                                        ; On                 ; On                 ;
; Report Connectivity Checks                                       ; On                 ; On                 ;
; Ignore Maximum Fan-Out Assignments                               ; Off                ; Off                ;
; Synchronization Register Chain Length                            ; 2                  ; 2                  ;
; Power Optimization During Synthesis                              ; Normal compilation ; Normal compilation ;
; HDL message level                                                ; Level2             ; Level2             ;
; Suppress Register Optimization Related Messages                  ; Off                ; Off                ;
; Number of Removed Registers Reported in Synthesis Report         ; 5000               ; 5000               ;
; Number of Swept Nodes Reported in Synthesis Report               ; 5000               ; 5000               ;
; Number of Inverted Registers Reported in Synthesis Report        ; 100                ; 100                ;
; Clock MUX Protection                                             ; On                 ; On                 ;
; Auto Gated Clock Conversion                                      ; Off                ; Off                ;
; Block Design Naming                                              ; Auto               ; Auto               ;
; SDC constraint protection                                        ; Off                ; Off                ;
; Synthesis Effort                                                 ; Auto               ; Auto               ;
; Shift Register Replacement - Allow Asynchronous Clear Signal     ; On                 ; On                 ;
; Pre-Mapping Resynthesis Optimization                             ; Off                ; Off                ;
; Analysis & Synthesis Message Level                               ; Medium             ; Medium             ;
; Disable Register Merging Across Hierarchies                      ; Auto               ; Auto               ;
; Resource Aware Inference For Block RAM                           ; On                 ; On                 ;
+------------------------------------------------------------------+--------------------+--------------------+


+------------------------------------------+
; Parallel Compilation                     ;
+----------------------------+-------------+
; Processors                 ; Number      ;
+----------------------------+-------------+
; Number detected on machine ; 4           ;
; Maximum allowed            ; 2           ;
;                            ;             ;
; Average used               ; 1.00        ;
; Maximum used               ; 2           ;
;                            ;             ;
; Usage by Processor         ; % Time Used ;
;     Processor 1            ; 100.0%      ;
;     Processor 2            ;   0.0%      ;
+----------------------------+-------------+


+----------------------------------------------------------------------------------------------------------------------------------------------------------------------------+
; Analysis & Synthesis Source Files Read                                                                                                                                     ;
+----------------------------------+-----------------+------------------------------+------------------------------------------------------------------------------+---------+
; File Name with User-Entered Path ; Used in Netlist ; File Type                    ; File Name with Absolute Path                                                 ; Library ;
+----------------------------------+-----------------+------------------------------+------------------------------------------------------------------------------+---------+
; FiltroMediaMovel.vhd             ; yes             ; User VHDL File               ; /home/maomv/repo/lsd-pf/FiltroMediaMovel.vhd                                 ;         ;
; PulseGenerator.vhd               ; yes             ; User VHDL File               ; /home/maomv/repo/lsd-pf/PulseGenerator.vhd                                   ;         ;
; DebounceUnit.vhd                 ; yes             ; User VHDL File               ; /home/maomv/repo/lsd-pf/DebounceUnit.vhd                                     ;         ;
; AddressGenerator.vhd             ; yes             ; User VHDL File               ; /home/maomv/repo/lsd-pf/AddressGenerator.vhd                                 ;         ;
; NoisyTriangSignalROM256x8.vhd    ; yes             ; User VHDL File               ; /home/maomv/repo/lsd-pf/NoisyTriangSignalROM256x8.vhd                        ;         ;
; DataDisplayManager.vhd           ; yes             ; User VHDL File               ; /home/maomv/repo/lsd-pf/DataDisplayManager.vhd                               ;         ;
; Bin7SegDec.vhd                   ; yes             ; User VHDL File               ; /home/maomv/repo/lsd-pf/Bin7SegDec.vhd                                       ;         ;
; lpm_divide.tdf                   ; yes             ; Megafunction                 ; /opt/intelFPGA_lite/19.1/quartus/libraries/megafunctions/lpm_divide.tdf      ;         ;
; abs_divider.inc                  ; yes             ; Megafunction                 ; /opt/intelFPGA_lite/19.1/quartus/libraries/megafunctions/abs_divider.inc     ;         ;
; sign_div_unsign.inc              ; yes             ; Megafunction                 ; /opt/intelFPGA_lite/19.1/quartus/libraries/megafunctions/sign_div_unsign.inc ;         ;
; aglobal191.inc                   ; yes             ; Megafunction                 ; /opt/intelFPGA_lite/19.1/quartus/libraries/megafunctions/aglobal191.inc      ;         ;
; db/lpm_divide_mhm.tdf            ; yes             ; Auto-Generated Megafunction  ; /home/maomv/repo/lsd-pf/db/lpm_divide_mhm.tdf                                ;         ;
; db/sign_div_unsign_ekh.tdf       ; yes             ; Auto-Generated Megafunction  ; /home/maomv/repo/lsd-pf/db/sign_div_unsign_ekh.tdf                           ;         ;
; db/alt_u_div_g4f.tdf             ; yes             ; Auto-Generated Megafunction  ; /home/maomv/repo/lsd-pf/db/alt_u_div_g4f.tdf                                 ;         ;
; db/add_sub_7pc.tdf               ; yes             ; Auto-Generated Megafunction  ; /home/maomv/repo/lsd-pf/db/add_sub_7pc.tdf                                   ;         ;
; db/add_sub_8pc.tdf               ; yes             ; Auto-Generated Megafunction  ; /home/maomv/repo/lsd-pf/db/add_sub_8pc.tdf                                   ;         ;
; db/lpm_divide_q9m.tdf            ; yes             ; Auto-Generated Megafunction  ; /home/maomv/repo/lsd-pf/db/lpm_divide_q9m.tdf                                ;         ;
; db/sign_div_unsign_fkh.tdf       ; yes             ; Auto-Generated Megafunction  ; /home/maomv/repo/lsd-pf/db/sign_div_unsign_fkh.tdf                           ;         ;
; db/alt_u_div_i4f.tdf             ; yes             ; Auto-Generated Megafunction  ; /home/maomv/repo/lsd-pf/db/alt_u_div_i4f.tdf                                 ;         ;
; db/lpm_divide_jhm.tdf            ; yes             ; Auto-Generated Megafunction  ; /home/maomv/repo/lsd-pf/db/lpm_divide_jhm.tdf                                ;         ;
; db/sign_div_unsign_bkh.tdf       ; yes             ; Auto-Generated Megafunction  ; /home/maomv/repo/lsd-pf/db/sign_div_unsign_bkh.tdf                           ;         ;
; db/alt_u_div_a4f.tdf             ; yes             ; Auto-Generated Megafunction  ; /home/maomv/repo/lsd-pf/db/alt_u_div_a4f.tdf                                 ;         ;
+----------------------------------+-----------------+------------------------------+------------------------------------------------------------------------------+---------+


+----------------------------------------------------------------------------------------------+
; Analysis & Synthesis Resource Usage Summary                                                  ;
+---------------------------------------------+------------------------------------------------+
; Resource                                    ; Usage                                          ;
+---------------------------------------------+------------------------------------------------+
; Estimated Total logic elements              ; 506                                            ;
;                                             ;                                                ;
; Total combinational functions               ; 506                                            ;
; Logic element usage by number of LUT inputs ;                                                ;
;     -- 4 input functions                    ; 270                                            ;
;     -- 3 input functions                    ; 78                                             ;
;     -- <=2 input functions                  ; 158                                            ;
;                                             ;                                                ;
; Logic elements by mode                      ;                                                ;
;     -- normal mode                          ; 403                                            ;
;     -- arithmetic mode                      ; 103                                            ;
;                                             ;                                                ;
; Total registers                             ; 34                                             ;
;     -- Dedicated logic registers            ; 34                                             ;
;     -- I/O registers                        ; 0                                              ;
;                                             ;                                                ;
; I/O pins                                    ; 69                                             ;
;                                             ;                                                ;
; Embedded Multiplier 9-bit elements          ; 0                                              ;
;                                             ;                                                ;
; Maximum fan-out node                        ; AddressGenerator:AddressGenerator|s_address[2] ;
; Maximum fan-out                             ; 98                                             ;
; Total fan-out                               ; 1762                                           ;
; Average fan-out                             ; 2.60                                           ;
+---------------------------------------------+------------------------------------------------+


+-------------------------------------------------------------------------------------------------------------------------------------------------------------------------------------------------------------------------------------------------------------------------------------------------------------------------------------------------------------------+
; Analysis & Synthesis Resource Utilization by Entity                                                                                                                                                                                                                                                                                                               ;
+-------------------------------------------+---------------------+---------------------------+-------------+--------------+---------+-----------+------+--------------+-------------------------------------------------------------------------------------------------------------------------------------------------+---------------------------+--------------+
; Compilation Hierarchy Node                ; Combinational ALUTs ; Dedicated Logic Registers ; Memory Bits ; DSP Elements ; DSP 9x9 ; DSP 18x18 ; Pins ; Virtual Pins ; Full Hierarchy Name                                                                                                                             ; Entity Name               ; Library Name ;
+-------------------------------------------+---------------------+---------------------------+-------------+--------------+---------+-----------+------+--------------+-------------------------------------------------------------------------------------------------------------------------------------------------+---------------------------+--------------+
; |FiltroMediaMovel                         ; 506 (0)             ; 34 (0)                    ; 0           ; 0            ; 0       ; 0         ; 69   ; 0            ; |FiltroMediaMovel                                                                                                                               ; FiltroMediaMovel          ; work         ;
;    |AddressGenerator:AddressGenerator|    ; 8 (8)               ; 8 (8)                     ; 0           ; 0            ; 0       ; 0         ; 0    ; 0            ; |FiltroMediaMovel|AddressGenerator:AddressGenerator                                                                                             ; AddressGenerator          ; work         ;
;    |DataDisplayManager:RomDisplay|        ; 269 (9)             ; 0 (0)                     ; 0           ; 0            ; 0       ; 0         ; 0    ; 0            ; |FiltroMediaMovel|DataDisplayManager:RomDisplay                                                                                                 ; DataDisplayManager        ; work         ;
;       |Bin7SegDec:dozensDisplayProc|      ; 27 (27)             ; 0 (0)                     ; 0           ; 0            ; 0       ; 0         ; 0    ; 0            ; |FiltroMediaMovel|DataDisplayManager:RomDisplay|Bin7SegDec:dozensDisplayProc                                                                    ; Bin7SegDec                ; work         ;
;       |Bin7SegDec:hundredsDisplayProc|    ; 7 (7)               ; 0 (0)                     ; 0           ; 0            ; 0       ; 0         ; 0    ; 0            ; |FiltroMediaMovel|DataDisplayManager:RomDisplay|Bin7SegDec:hundredsDisplayProc                                                                  ; Bin7SegDec                ; work         ;
;       |Bin7SegDec:unitsDisplayProc|       ; 7 (7)               ; 0 (0)                     ; 0           ; 0            ; 0       ; 0         ; 0    ; 0            ; |FiltroMediaMovel|DataDisplayManager:RomDisplay|Bin7SegDec:unitsDisplayProc                                                                     ; Bin7SegDec                ; work         ;
;       |lpm_divide:Div0|                   ; 25 (0)              ; 0 (0)                     ; 0           ; 0            ; 0       ; 0         ; 0    ; 0            ; |FiltroMediaMovel|DataDisplayManager:RomDisplay|lpm_divide:Div0                                                                                 ; lpm_divide                ; work         ;
;          |lpm_divide_mhm:auto_generated|  ; 25 (0)              ; 0 (0)                     ; 0           ; 0            ; 0       ; 0         ; 0    ; 0            ; |FiltroMediaMovel|DataDisplayManager:RomDisplay|lpm_divide:Div0|lpm_divide_mhm:auto_generated                                                   ; lpm_divide_mhm            ; work         ;
;             |sign_div_unsign_ekh:divider| ; 25 (0)              ; 0 (0)                     ; 0           ; 0            ; 0       ; 0         ; 0    ; 0            ; |FiltroMediaMovel|DataDisplayManager:RomDisplay|lpm_divide:Div0|lpm_divide_mhm:auto_generated|sign_div_unsign_ekh:divider                       ; sign_div_unsign_ekh       ; work         ;
;                |alt_u_div_g4f:divider|    ; 25 (25)             ; 0 (0)                     ; 0           ; 0            ; 0       ; 0         ; 0    ; 0            ; |FiltroMediaMovel|DataDisplayManager:RomDisplay|lpm_divide:Div0|lpm_divide_mhm:auto_generated|sign_div_unsign_ekh:divider|alt_u_div_g4f:divider ; alt_u_div_g4f             ; work         ;
;       |lpm_divide:Div1|                   ; 60 (0)              ; 0 (0)                     ; 0           ; 0            ; 0       ; 0         ; 0    ; 0            ; |FiltroMediaMovel|DataDisplayManager:RomDisplay|lpm_divide:Div1                                                                                 ; lpm_divide                ; work         ;
;          |lpm_divide_jhm:auto_generated|  ; 60 (0)              ; 0 (0)                     ; 0           ; 0            ; 0       ; 0         ; 0    ; 0            ; |FiltroMediaMovel|DataDisplayManager:RomDisplay|lpm_divide:Div1|lpm_divide_jhm:auto_generated                                                   ; lpm_divide_jhm            ; work         ;
;             |sign_div_unsign_bkh:divider| ; 60 (0)              ; 0 (0)                     ; 0           ; 0            ; 0       ; 0         ; 0    ; 0            ; |FiltroMediaMovel|DataDisplayManager:RomDisplay|lpm_divide:Div1|lpm_divide_jhm:auto_generated|sign_div_unsign_bkh:divider                       ; sign_div_unsign_bkh       ; work         ;
;                |alt_u_div_a4f:divider|    ; 60 (60)             ; 0 (0)                     ; 0           ; 0            ; 0       ; 0         ; 0    ; 0            ; |FiltroMediaMovel|DataDisplayManager:RomDisplay|lpm_divide:Div1|lpm_divide_jhm:auto_generated|sign_div_unsign_bkh:divider|alt_u_div_a4f:divider ; alt_u_div_a4f             ; work         ;
;       |lpm_divide:Mod0|                   ; 51 (0)              ; 0 (0)                     ; 0           ; 0            ; 0       ; 0         ; 0    ; 0            ; |FiltroMediaMovel|DataDisplayManager:RomDisplay|lpm_divide:Mod0                                                                                 ; lpm_divide                ; work         ;
;          |lpm_divide_q9m:auto_generated|  ; 51 (0)              ; 0 (0)                     ; 0           ; 0            ; 0       ; 0         ; 0    ; 0            ; |FiltroMediaMovel|DataDisplayManager:RomDisplay|lpm_divide:Mod0|lpm_divide_q9m:auto_generated                                                   ; lpm_divide_q9m            ; work         ;
;             |sign_div_unsign_fkh:divider| ; 51 (0)              ; 0 (0)                     ; 0           ; 0            ; 0       ; 0         ; 0    ; 0            ; |FiltroMediaMovel|DataDisplayManager:RomDisplay|lpm_divide:Mod0|lpm_divide_q9m:auto_generated|sign_div_unsign_fkh:divider                       ; sign_div_unsign_fkh       ; work         ;
;                |alt_u_div_i4f:divider|    ; 51 (51)             ; 0 (0)                     ; 0           ; 0            ; 0       ; 0         ; 0    ; 0            ; |FiltroMediaMovel|DataDisplayManager:RomDisplay|lpm_divide:Mod0|lpm_divide_q9m:auto_generated|sign_div_unsign_fkh:divider|alt_u_div_i4f:divider ; alt_u_div_i4f             ; work         ;
;       |lpm_divide:Mod2|                   ; 83 (0)              ; 0 (0)                     ; 0           ; 0            ; 0       ; 0         ; 0    ; 0            ; |FiltroMediaMovel|DataDisplayManager:RomDisplay|lpm_divide:Mod2                                                                                 ; lpm_divide                ; work         ;
;          |lpm_divide_q9m:auto_generated|  ; 83 (0)              ; 0 (0)                     ; 0           ; 0            ; 0       ; 0         ; 0    ; 0            ; |FiltroMediaMovel|DataDisplayManager:RomDisplay|lpm_divide:Mod2|lpm_divide_q9m:auto_generated                                                   ; lpm_divide_q9m            ; work         ;
;             |sign_div_unsign_fkh:divider| ; 83 (0)              ; 0 (0)                     ; 0           ; 0            ; 0       ; 0         ; 0    ; 0            ; |FiltroMediaMovel|DataDisplayManager:RomDisplay|lpm_divide:Mod2|lpm_divide_q9m:auto_generated|sign_div_unsign_fkh:divider                       ; sign_div_unsign_fkh       ; work         ;
;                |alt_u_div_i4f:divider|    ; 83 (83)             ; 0 (0)                     ; 0           ; 0            ; 0       ; 0         ; 0    ; 0            ; |FiltroMediaMovel|DataDisplayManager:RomDisplay|lpm_divide:Mod2|lpm_divide_q9m:auto_generated|sign_div_unsign_fkh:divider|alt_u_div_i4f:divider ; alt_u_div_i4f             ; work         ;
;    |NoisyTriangSignalROM256x8:NoisyROM|   ; 184 (184)           ; 0 (0)                     ; 0           ; 0            ; 0       ; 0         ; 0    ; 0            ; |FiltroMediaMovel|NoisyTriangSignalROM256x8:NoisyROM                                                                                            ; NoisyTriangSignalROM256x8 ; work         ;
;    |PulseGenerator:Hz2Lane|               ; 45 (45)             ; 26 (26)                   ; 0           ; 0            ; 0       ; 0         ; 0    ; 0            ; |FiltroMediaMovel|PulseGenerator:Hz2Lane                                                                                                        ; PulseGenerator            ; work         ;
+-------------------------------------------+---------------------+---------------------------+-------------+--------------+---------+-----------+------+--------------+-------------------------------------------------------------------------------------------------------------------------------------------------+---------------------------+--------------+
Note: For table entries with two numbers listed, the numbers in parentheses indicate the number of resources of the given type used by the specific entity alone. The numbers listed outside of parentheses indicate the total resources of the given type used by the specific entity and all of its sub-entities in the hierarchy.


+------------------------------------------------------+
; General Register Statistics                          ;
+----------------------------------------------+-------+
; Statistic                                    ; Value ;
+----------------------------------------------+-------+
; Total registers                              ; 34    ;
; Number of registers using Synchronous Clear  ; 0     ;
; Number of registers using Synchronous Load   ; 0     ;
; Number of registers using Asynchronous Clear ; 0     ;
; Number of registers using Asynchronous Load  ; 0     ;
; Number of registers using Clock Enable       ; 7     ;
; Number of registers using Preset             ; 0     ;
+----------------------------------------------+-------+


+---------------------------------------------------------------------------------------------------------------------------------------------------------------------------------------------------------+
; Multiplexer Restructuring Statistics (Restructuring Performed)                                                                                                                                          ;
+--------------------+-----------+---------------+----------------------+------------------------+------------+-------------------------------------------------------------------------------------------+
; Multiplexer Inputs ; Bus Width ; Baseline Area ; Area if Restructured ; Saving if Restructured ; Registered ; Example Multiplexer Output                                                                ;
+--------------------+-----------+---------------+----------------------+------------------------+------------+-------------------------------------------------------------------------------------------+
; 16:1               ; 2 bits    ; 20 LEs        ; 12 LEs               ; 8 LEs                  ; No         ; |FiltroMediaMovel|DataDisplayManager:RomDisplay|Bin7SegDec:unitsDisplayProc|dataOut[6]    ;
; 5:1                ; 4 bits    ; 12 LEs        ; 12 LEs               ; 0 LEs                  ; No         ; |FiltroMediaMovel|DataDisplayManager:RomDisplay|Bin7SegDec:hundredsDisplayProc|dataOut[3] ;
; 5:1                ; 4 bits    ; 12 LEs        ; 12 LEs               ; 0 LEs                  ; No         ; |FiltroMediaMovel|DataDisplayManager:RomDisplay|Bin7SegDec:dozensDisplayProc|dataOut[0]   ;
; 5:1                ; 4 bits    ; 12 LEs        ; 12 LEs               ; 0 LEs                  ; No         ; |FiltroMediaMovel|DataDisplayManager:RomDisplay|Bin7SegDec:unitsDisplayProc|dataOut[5]    ;
; 128:1              ; 2 bits    ; 170 LEs       ; 84 LEs               ; 86 LEs                 ; No         ; |FiltroMediaMovel|DataDisplayManager:RomDisplay|Bin7SegDec:dozensDisplayProc|dataOut[6]   ;
+--------------------+-----------+---------------+----------------------+------------------------+------------+-------------------------------------------------------------------------------------------+


+---------------------------------------------------------------------+
; Parameter Settings for User Entity Instance: PulseGenerator:Hz2Lane ;
+----------------+----------+-----------------------------------------+
; Parameter Name ; Value    ; Type                                    ;
+----------------+----------+-----------------------------------------+
; max            ; 25000000 ; Signed Integer                          ;
+----------------+----------+-----------------------------------------+
Note: In order to hide this table in the UI and the text report file, please set the "Show Parameter Settings in Synthesis Report" option in "Analysis and Synthesis Settings -> More Settings" to "Off".


+------------------------------------------------------------------------+
; Parameter Settings for User Entity Instance: DebounceUnit:DebounceKEY0 ;
+----------------+-------+-----------------------------------------------+
; Parameter Name ; Value ; Type                                          ;
+----------------+-------+-----------------------------------------------+
; khzclkfreq     ; 50000 ; Signed Integer                                ;
; msecmininwidth ; 100   ; Signed Integer                                ;
; inpolarity     ; '0'   ; Enumerated                                    ;
; outpolarity    ; '1'   ; Enumerated                                    ;
+----------------+-------+-----------------------------------------------+
Note: In order to hide this table in the UI and the text report file, please set the "Show Parameter Settings in Synthesis Report" option in "Analysis and Synthesis Settings -> More Settings" to "Off".


+------------------------------------------------------------------------+
; Parameter Settings for User Entity Instance: DebounceUnit:DebounceKEY1 ;
+----------------+-------+-----------------------------------------------+
; Parameter Name ; Value ; Type                                          ;
+----------------+-------+-----------------------------------------------+
; khzclkfreq     ; 50000 ; Signed Integer                                ;
; msecmininwidth ; 100   ; Signed Integer                                ;
; inpolarity     ; '0'   ; Enumerated                                    ;
; outpolarity    ; '1'   ; Enumerated                                    ;
+----------------+-------+-----------------------------------------------+
Note: In order to hide this table in the UI and the text report file, please set the "Show Parameter Settings in Synthesis Report" option in "Analysis and Synthesis Settings -> More Settings" to "Off".


+------------------------------------------------------------------------+
; Parameter Settings for User Entity Instance: DebounceUnit:DebounceKEY2 ;
+----------------+-------+-----------------------------------------------+
; Parameter Name ; Value ; Type                                          ;
+----------------+-------+-----------------------------------------------+
; khzclkfreq     ; 50000 ; Signed Integer                                ;
; msecmininwidth ; 100   ; Signed Integer                                ;
; inpolarity     ; '0'   ; Enumerated                                    ;
; outpolarity    ; '1'   ; Enumerated                                    ;
+----------------+-------+-----------------------------------------------+
Note: In order to hide this table in the UI and the text report file, please set the "Show Parameter Settings in Synthesis Report" option in "Analysis and Synthesis Settings -> More Settings" to "Off".


+------------------------------------------------------------------------------------------------+
; Parameter Settings for Inferred Entity Instance: DataDisplayManager:RomDisplay|lpm_divide:Div0 ;
+------------------------+----------------+------------------------------------------------------+
; Parameter Name         ; Value          ; Type                                                 ;
+------------------------+----------------+------------------------------------------------------+
; LPM_WIDTHN             ; 8              ; Untyped                                              ;
; LPM_WIDTHD             ; 7              ; Untyped                                              ;
; LPM_NREPRESENTATION    ; UNSIGNED       ; Untyped                                              ;
; LPM_DREPRESENTATION    ; UNSIGNED       ; Untyped                                              ;
; LPM_PIPELINE           ; 0              ; Untyped                                              ;
; LPM_REMAINDERPOSITIVE  ; TRUE           ; Untyped                                              ;
; MAXIMIZE_SPEED         ; 5              ; Untyped                                              ;
; CBXI_PARAMETER         ; lpm_divide_mhm ; Untyped                                              ;
; CARRY_CHAIN            ; MANUAL         ; Untyped                                              ;
; OPTIMIZE_FOR_SPEED     ; 5              ; Untyped                                              ;
; AUTO_CARRY_CHAINS      ; ON             ; AUTO_CARRY                                           ;
; IGNORE_CARRY_BUFFERS   ; OFF            ; IGNORE_CARRY                                         ;
; AUTO_CASCADE_CHAINS    ; ON             ; AUTO_CASCADE                                         ;
; IGNORE_CASCADE_BUFFERS ; OFF            ; IGNORE_CASCADE                                       ;
+------------------------+----------------+------------------------------------------------------+
Note: In order to hide this table in the UI and the text report file, please set the "Show Parameter Settings in Synthesis Report" option in "Analysis and Synthesis Settings -> More Settings" to "Off".


+------------------------------------------------------------------------------------------------+
; Parameter Settings for Inferred Entity Instance: DataDisplayManager:RomDisplay|lpm_divide:Mod0 ;
+------------------------+----------------+------------------------------------------------------+
; Parameter Name         ; Value          ; Type                                                 ;
+------------------------+----------------+------------------------------------------------------+
; LPM_WIDTHN             ; 8              ; Untyped                                              ;
; LPM_WIDTHD             ; 8              ; Untyped                                              ;
; LPM_NREPRESENTATION    ; UNSIGNED       ; Untyped                                              ;
; LPM_DREPRESENTATION    ; UNSIGNED       ; Untyped                                              ;
; LPM_PIPELINE           ; 0              ; Untyped                                              ;
; LPM_REMAINDERPOSITIVE  ; TRUE           ; Untyped                                              ;
; MAXIMIZE_SPEED         ; 5              ; Untyped                                              ;
; CBXI_PARAMETER         ; lpm_divide_q9m ; Untyped                                              ;
; CARRY_CHAIN            ; MANUAL         ; Untyped                                              ;
; OPTIMIZE_FOR_SPEED     ; 5              ; Untyped                                              ;
; AUTO_CARRY_CHAINS      ; ON             ; AUTO_CARRY                                           ;
; IGNORE_CARRY_BUFFERS   ; OFF            ; IGNORE_CARRY                                         ;
; AUTO_CASCADE_CHAINS    ; ON             ; AUTO_CASCADE                                         ;
; IGNORE_CASCADE_BUFFERS ; OFF            ; IGNORE_CASCADE                                       ;
+------------------------+----------------+------------------------------------------------------+
Note: In order to hide this table in the UI and the text report file, please set the "Show Parameter Settings in Synthesis Report" option in "Analysis and Synthesis Settings -> More Settings" to "Off".


+------------------------------------------------------------------------------------------------+
; Parameter Settings for Inferred Entity Instance: DataDisplayManager:RomDisplay|lpm_divide:Div1 ;
+------------------------+----------------+------------------------------------------------------+
; Parameter Name         ; Value          ; Type                                                 ;
+------------------------+----------------+------------------------------------------------------+
; LPM_WIDTHN             ; 8              ; Untyped                                              ;
; LPM_WIDTHD             ; 4              ; Untyped                                              ;
; LPM_NREPRESENTATION    ; UNSIGNED       ; Untyped                                              ;
; LPM_DREPRESENTATION    ; UNSIGNED       ; Untyped                                              ;
; LPM_PIPELINE           ; 0              ; Untyped                                              ;
; LPM_REMAINDERPOSITIVE  ; TRUE           ; Untyped                                              ;
; MAXIMIZE_SPEED         ; 5              ; Untyped                                              ;
; CBXI_PARAMETER         ; lpm_divide_jhm ; Untyped                                              ;
; CARRY_CHAIN            ; MANUAL         ; Untyped                                              ;
; OPTIMIZE_FOR_SPEED     ; 5              ; Untyped                                              ;
; AUTO_CARRY_CHAINS      ; ON             ; AUTO_CARRY                                           ;
; IGNORE_CARRY_BUFFERS   ; OFF            ; IGNORE_CARRY                                         ;
; AUTO_CASCADE_CHAINS    ; ON             ; AUTO_CASCADE                                         ;
; IGNORE_CASCADE_BUFFERS ; OFF            ; IGNORE_CASCADE                                       ;
+------------------------+----------------+------------------------------------------------------+
Note: In order to hide this table in the UI and the text report file, please set the "Show Parameter Settings in Synthesis Report" option in "Analysis and Synthesis Settings -> More Settings" to "Off".


+------------------------------------------------------------------------------------------------+
; Parameter Settings for Inferred Entity Instance: DataDisplayManager:RomDisplay|lpm_divide:Mod2 ;
+------------------------+----------------+------------------------------------------------------+
; Parameter Name         ; Value          ; Type                                                 ;
+------------------------+----------------+------------------------------------------------------+
; LPM_WIDTHN             ; 8              ; Untyped                                              ;
; LPM_WIDTHD             ; 8              ; Untyped                                              ;
; LPM_NREPRESENTATION    ; UNSIGNED       ; Untyped                                              ;
; LPM_DREPRESENTATION    ; UNSIGNED       ; Untyped                                              ;
; LPM_PIPELINE           ; 0              ; Untyped                                              ;
; LPM_REMAINDERPOSITIVE  ; TRUE           ; Untyped                                              ;
; MAXIMIZE_SPEED         ; 5              ; Untyped                                              ;
; CBXI_PARAMETER         ; lpm_divide_q9m ; Untyped                                              ;
; CARRY_CHAIN            ; MANUAL         ; Untyped                                              ;
; OPTIMIZE_FOR_SPEED     ; 5              ; Untyped                                              ;
; AUTO_CARRY_CHAINS      ; ON             ; AUTO_CARRY                                           ;
; IGNORE_CARRY_BUFFERS   ; OFF            ; IGNORE_CARRY                                         ;
; AUTO_CASCADE_CHAINS    ; ON             ; AUTO_CASCADE                                         ;
; IGNORE_CASCADE_BUFFERS ; OFF            ; IGNORE_CASCADE                                       ;
+------------------------+----------------+------------------------------------------------------+
Note: In order to hide this table in the UI and the text report file, please set the "Show Parameter Settings in Synthesis Report" option in "Analysis and Synthesis Settings -> More Settings" to "Off".


+----------------------------------------------------------------------------------------+
; Port Connectivity Checks: "DataDisplayManager:RomDisplay|Bin7SegDec:signalDisplayProc" ;
+-----------+-------+----------+---------------------------------------------------------+
; Port      ; Type  ; Severity ; Details                                                 ;
+-----------+-------+----------+---------------------------------------------------------+
; datain[3] ; Input ; Info     ; Stuck at VCC                                            ;
; datain[2] ; Input ; Info     ; Stuck at GND                                            ;
; datain[1] ; Input ; Info     ; Stuck at VCC                                            ;
+-----------+-------+----------+---------------------------------------------------------+


+---------------------------------------------------------------+
; Port Connectivity Checks: "AddressGenerator:AddressGenerator" ;
+-------+-------+----------+------------------------------------+
; Port  ; Type  ; Severity ; Details                            ;
+-------+-------+----------+------------------------------------+
; reset ; Input ; Info     ; Stuck at GND                       ;
+-------+-------+----------+------------------------------------+


+---------------------------------------------------------------------------------------------------------------------+
; Port Connectivity Checks: "DebounceUnit:DebounceKEY2"                                                               ;
+-----------+--------+----------+-------------------------------------------------------------------------------------+
; Port      ; Type   ; Severity ; Details                                                                             ;
+-----------+--------+----------+-------------------------------------------------------------------------------------+
; pulsedout ; Output ; Info     ; Connected to dangling logic. Logic that only feeds a dangling port will be removed. ;
+-----------+--------+----------+-------------------------------------------------------------------------------------+


+---------------------------------------------------------------------------------------------------------------------+
; Port Connectivity Checks: "DebounceUnit:DebounceKEY1"                                                               ;
+-----------+--------+----------+-------------------------------------------------------------------------------------+
; Port      ; Type   ; Severity ; Details                                                                             ;
+-----------+--------+----------+-------------------------------------------------------------------------------------+
; pulsedout ; Output ; Info     ; Connected to dangling logic. Logic that only feeds a dangling port will be removed. ;
+-----------+--------+----------+-------------------------------------------------------------------------------------+


+---------------------------------------------------------------------------------------------------------------------+
; Port Connectivity Checks: "DebounceUnit:DebounceKEY0"                                                               ;
+-----------+--------+----------+-------------------------------------------------------------------------------------+
; Port      ; Type   ; Severity ; Details                                                                             ;
+-----------+--------+----------+-------------------------------------------------------------------------------------+
; pulsedout ; Output ; Info     ; Connected to dangling logic. Logic that only feeds a dangling port will be removed. ;
+-----------+--------+----------+-------------------------------------------------------------------------------------+


+----------------------------------------------------+
; Port Connectivity Checks: "PulseGenerator:Hz2Lane" ;
+-------+-------+----------+-------------------------+
; Port  ; Type  ; Severity ; Details                 ;
+-------+-------+----------+-------------------------+
; reset ; Input ; Info     ; Stuck at GND            ;
+-------+-------+----------+-------------------------+


+-----------------------------------------------------+
; Post-Synthesis Netlist Statistics for Top Partition ;
+-----------------------+-----------------------------+
; Type                  ; Count                       ;
+-----------------------+-----------------------------+
; boundary_port         ; 69                          ;
; cycloneiii_ff         ; 34                          ;
;     ENA               ; 7                           ;
;     plain             ; 27                          ;
; cycloneiii_lcell_comb ; 510                         ;
;     arith             ; 103                         ;
;         2 data inputs ; 39                          ;
;         3 data inputs ; 64                          ;
;     normal            ; 407                         ;
;         0 data inputs ; 17                          ;
;         1 data inputs ; 4                           ;
;         2 data inputs ; 102                         ;
;         3 data inputs ; 14                          ;
;         4 data inputs ; 270                         ;
;                       ;                             ;
; Max LUT depth         ; 25.90                       ;
; Average LUT depth     ; 19.58                       ;
+-----------------------+-----------------------------+


+-------------------------------+
; Elapsed Time Per Partition    ;
+----------------+--------------+
; Partition Name ; Elapsed Time ;
+----------------+--------------+
; Top            ; 00:00:03     ;
+----------------+--------------+


+-------------------------------+
; Analysis & Synthesis Messages ;
+-------------------------------+
Info: *******************************************************************
Info: Running Quartus Prime Analysis & Synthesis
    Info: Version 19.1.0 Build 670 09/22/2019 SJ Lite Edition
    Info: Processing started: Fri Jun 10 18:28:22 2022
Info: Command: quartus_map --read_settings_files=on --write_settings_files=off FiltroMediaMovel -c FiltroMediaMovel
Warning (18236): Number of processors has not been specified which may cause overloading on shared machines.  Set the global assignment NUM_PARALLEL_PROCESSORS in your QSF to an appropriate value for best performance.
Info (20030): Parallel compilation is enabled and will use 2 of the 2 processors detected
Info (12021): Found 2 design units, including 1 entities, in source file FiltroMediaMovel.vhd
    Info (12022): Found design unit 1: FiltroMediaMovel-Structural File: /home/maomv/repo/lsd-pf/FiltroMediaMovel.vhd Line: 15
    Info (12023): Found entity 1: FiltroMediaMovel File: /home/maomv/repo/lsd-pf/FiltroMediaMovel.vhd Line: 5
Info (12021): Found 2 design units, including 1 entities, in source file PulseGenerator.vhd
    Info (12022): Found design unit 1: PulseGenerator-Behavioral File: /home/maomv/repo/lsd-pf/PulseGenerator.vhd Line: 15
    Info (12023): Found entity 1: PulseGenerator File: /home/maomv/repo/lsd-pf/PulseGenerator.vhd Line: 7
Info (12021): Found 2 design units, including 1 entities, in source file DebounceUnit.vhd
    Info (12022): Found design unit 1: DebounceUnit-Behavioral File: /home/maomv/repo/lsd-pf/DebounceUnit.vhd Line: 16
    Info (12023): Found entity 1: DebounceUnit File: /home/maomv/repo/lsd-pf/DebounceUnit.vhd Line: 5
Info (12021): Found 2 design units, including 1 entities, in source file AddressGenerator.vhd
    Info (12022): Found design unit 1: AddressGenerator-Behavioral File: /home/maomv/repo/lsd-pf/AddressGenerator.vhd Line: 13
    Info (12023): Found entity 1: AddressGenerator File: /home/maomv/repo/lsd-pf/AddressGenerator.vhd Line: 5
Info (12021): Found 2 design units, including 1 entities, in source file NoisyTriangSignalROM256x8.vhd
    Info (12022): Found design unit 1: NoisyTriangSignalROM256x8-Behavioral File: /home/maomv/repo/lsd-pf/NoisyTriangSignalROM256x8.vhd Line: 10
    Info (12023): Found entity 1: NoisyTriangSignalROM256x8 File: /home/maomv/repo/lsd-pf/NoisyTriangSignalROM256x8.vhd Line: 5
Info (12021): Found 2 design units, including 1 entities, in source file CleanTriangSignalRAM256x8.vhd
    Info (12022): Found design unit 1: CleanTriangSignalRAM256x8-Behavioral File: /home/maomv/repo/lsd-pf/CleanTriangSignalRAM256x8.vhd Line: 13
    Info (12023): Found entity 1: CleanTriangSignalRAM256x8 File: /home/maomv/repo/lsd-pf/CleanTriangSignalRAM256x8.vhd Line: 5
Info (12021): Found 2 design units, including 1 entities, in source file DataDisplayManager.vhd
    Info (12022): Found design unit 1: DataDisplayManager-behavioral File: /home/maomv/repo/lsd-pf/DataDisplayManager.vhd Line: 11
    Info (12023): Found entity 1: DataDisplayManager File: /home/maomv/repo/lsd-pf/DataDisplayManager.vhd Line: 5
Info (12021): Found 2 design units, including 1 entities, in source file Bin7SegDec.vhd
    Info (12022): Found design unit 1: Bin7SegDec-Behavioral File: /home/maomv/repo/lsd-pf/Bin7SegDec.vhd Line: 10
    Info (12023): Found entity 1: Bin7SegDec File: /home/maomv/repo/lsd-pf/Bin7SegDec.vhd Line: 4
Info (12127): Elaborating entity "FiltroMediaMovel" for the top level hierarchy
Warning (10541): VHDL Signal Declaration warning at FiltroMediaMovel.vhd(10): used implicit default value for signal "HEX7" because signal was never assigned a value or an explicit default value. Use of implicit default value may introduce unintended design optimizations. File: /home/maomv/repo/lsd-pf/FiltroMediaMovel.vhd Line: 10
Warning (10541): VHDL Signal Declaration warning at FiltroMediaMovel.vhd(10): used implicit default value for signal "HEX6" because signal was never assigned a value or an explicit default value. Use of implicit default value may introduce unintended design optimizations. File: /home/maomv/repo/lsd-pf/FiltroMediaMovel.vhd Line: 10
Warning (10541): VHDL Signal Declaration warning at FiltroMediaMovel.vhd(10): used implicit default value for signal "HEX5" because signal was never assigned a value or an explicit default value. Use of implicit default value may introduce unintended design optimizations. File: /home/maomv/repo/lsd-pf/FiltroMediaMovel.vhd Line: 10
Warning (10541): VHDL Signal Declaration warning at FiltroMediaMovel.vhd(10): used implicit default value for signal "HEX4" because signal was never assigned a value or an explicit default value. Use of implicit default value may introduce unintended design optimizations. File: /home/maomv/repo/lsd-pf/FiltroMediaMovel.vhd Line: 10
Warning (10541): VHDL Signal Declaration warning at FiltroMediaMovel.vhd(12): used implicit default value for signal "LEDG" because signal was never assigned a value or an explicit default value. Use of implicit default value may introduce unintended design optimizations. File: /home/maomv/repo/lsd-pf/FiltroMediaMovel.vhd Line: 12
Warning (10036): Verilog HDL or VHDL warning at FiltroMediaMovel.vhd(20): object "s_Key0" assigned a value but never read File: /home/maomv/repo/lsd-pf/FiltroMediaMovel.vhd Line: 20
Warning (10036): Verilog HDL or VHDL warning at FiltroMediaMovel.vhd(20): object "s_Key1" assigned a value but never read File: /home/maomv/repo/lsd-pf/FiltroMediaMovel.vhd Line: 20
Warning (10036): Verilog HDL or VHDL warning at FiltroMediaMovel.vhd(20): object "s_Key2" assigned a value but never read File: /home/maomv/repo/lsd-pf/FiltroMediaMovel.vhd Line: 20
Warning (10036): Verilog HDL or VHDL warning at FiltroMediaMovel.vhd(20): object "s_Swi0" assigned a value but never read File: /home/maomv/repo/lsd-pf/FiltroMediaMovel.vhd Line: 20
Warning (10540): VHDL Signal Declaration warning at FiltroMediaMovel.vhd(23): used explicit default value for signal "s_Reset" because signal was never assigned a value File: /home/maomv/repo/lsd-pf/FiltroMediaMovel.vhd Line: 23
Info (12129): Elaborating entity "PulseGenerator" using architecture "A:behavioral" for hierarchy "PulseGenerator:Hz2Lane" File: /home/maomv/repo/lsd-pf/FiltroMediaMovel.vhd Line: 30
Info (12129): Elaborating entity "DebounceUnit" using architecture "A:behavioral" for hierarchy "DebounceUnit:DebounceKEY0" File: /home/maomv/repo/lsd-pf/FiltroMediaMovel.vhd Line: 43
Info (12129): Elaborating entity "AddressGenerator" using architecture "A:behavioral" for hierarchy "AddressGenerator:AddressGenerator" File: /home/maomv/repo/lsd-pf/FiltroMediaMovel.vhd Line: 75
Info (12129): Elaborating entity "NoisyTriangSignalROM256x8" using architecture "A:behavioral" for hierarchy "NoisyTriangSignalROM256x8:NoisyROM" File: /home/maomv/repo/lsd-pf/FiltroMediaMovel.vhd Line: 84
Info (12129): Elaborating entity "DataDisplayManager" using architecture "A:behavioral" for hierarchy "DataDisplayManager:RomDisplay" File: /home/maomv/repo/lsd-pf/FiltroMediaMovel.vhd Line: 90
Warning (10492): VHDL Process Statement warning at DataDisplayManager.vhd(23): signal "s_DataIn" is read inside the Process Statement but isn't in the Process Statement's sensitivity list File: /home/maomv/repo/lsd-pf/DataDisplayManager.vhd Line: 23
Warning (10492): VHDL Process Statement warning at DataDisplayManager.vhd(24): signal "s_DataIn" is read inside the Process Statement but isn't in the Process Statement's sensitivity list File: /home/maomv/repo/lsd-pf/DataDisplayManager.vhd Line: 24
Warning (10492): VHDL Process Statement warning at DataDisplayManager.vhd(25): signal "s_DataIn" is read inside the Process Statement but isn't in the Process Statement's sensitivity list File: /home/maomv/repo/lsd-pf/DataDisplayManager.vhd Line: 25
Info (12129): Elaborating entity "Bin7SegDec" using architecture "A:behavioral" for hierarchy "DataDisplayManager:RomDisplay|Bin7SegDec:signalDisplayProc" File: /home/maomv/repo/lsd-pf/DataDisplayManager.vhd Line: 28
Info (278001): Inferred 4 megafunctions from design logic
    Info (278004): Inferred divider/modulo megafunction ("lpm_divide") from the following logic: "DataDisplayManager:RomDisplay|Div0" File: /home/maomv/repo/lsd-pf/DataDisplayManager.vhd Line: 23
    Info (278004): Inferred divider/modulo megafunction ("lpm_divide") from the following logic: "DataDisplayManager:RomDisplay|Mod0" File: /home/maomv/repo/lsd-pf/DataDisplayManager.vhd Line: 24
    Info (278004): Inferred divider/modulo megafunction ("lpm_divide") from the following logic: "DataDisplayManager:RomDisplay|Div1" File: /home/maomv/repo/lsd-pf/DataDisplayManager.vhd Line: 24
    Info (278004): Inferred divider/modulo megafunction ("lpm_divide") from the following logic: "DataDisplayManager:RomDisplay|Mod2" File: /home/maomv/repo/lsd-pf/DataDisplayManager.vhd Line: 25
Info (12130): Elaborated megafunction instantiation "DataDisplayManager:RomDisplay|lpm_divide:Div0" File: /home/maomv/repo/lsd-pf/DataDisplayManager.vhd Line: 23
Info (12133): Instantiated megafunction "DataDisplayManager:RomDisplay|lpm_divide:Div0" with the following parameter: File: /home/maomv/repo/lsd-pf/DataDisplayManager.vhd Line: 23
    Info (12134): Parameter "LPM_WIDTHN" = "8"
    Info (12134): Parameter "LPM_WIDTHD" = "7"
    Info (12134): Parameter "LPM_NREPRESENTATION" = "UNSIGNED"
    Info (12134): Parameter "LPM_DREPRESENTATION" = "UNSIGNED"
Info (12021): Found 1 design units, including 1 entities, in source file db/lpm_divide_mhm.tdf
    Info (12023): Found entity 1: lpm_divide_mhm File: /home/maomv/repo/lsd-pf/db/lpm_divide_mhm.tdf Line: 25
Info (12021): Found 1 design units, including 1 entities, in source file db/sign_div_unsign_ekh.tdf
    Info (12023): Found entity 1: sign_div_unsign_ekh File: /home/maomv/repo/lsd-pf/db/sign_div_unsign_ekh.tdf Line: 25
Info (12021): Found 1 design units, including 1 entities, in source file db/alt_u_div_g4f.tdf
    Info (12023): Found entity 1: alt_u_div_g4f File: /home/maomv/repo/lsd-pf/db/alt_u_div_g4f.tdf Line: 27
Info (12021): Found 1 design units, including 1 entities, in source file db/add_sub_7pc.tdf
    Info (12023): Found entity 1: add_sub_7pc File: /home/maomv/repo/lsd-pf/db/add_sub_7pc.tdf Line: 23
Info (12021): Found 1 design units, including 1 entities, in source file db/add_sub_8pc.tdf
    Info (12023): Found entity 1: add_sub_8pc File: /home/maomv/repo/lsd-pf/db/add_sub_8pc.tdf Line: 23
Info (12130): Elaborated megafunction instantiation "DataDisplayManager:RomDisplay|lpm_divide:Mod0" File: /home/maomv/repo/lsd-pf/DataDisplayManager.vhd Line: 24
Info (12133): Instantiated megafunction "DataDisplayManager:RomDisplay|lpm_divide:Mod0" with the following parameter: File: /home/maomv/repo/lsd-pf/DataDisplayManager.vhd Line: 24
    Info (12134): Parameter "LPM_WIDTHN" = "8"
    Info (12134): Parameter "LPM_WIDTHD" = "8"
    Info (12134): Parameter "LPM_NREPRESENTATION" = "UNSIGNED"
    Info (12134): Parameter "LPM_DREPRESENTATION" = "UNSIGNED"
Info (12021): Found 1 design units, including 1 entities, in source file db/lpm_divide_q9m.tdf
    Info (12023): Found entity 1: lpm_divide_q9m File: /home/maomv/repo/lsd-pf/db/lpm_divide_q9m.tdf Line: 25
Info (12021): Found 1 design units, including 1 entities, in source file db/sign_div_unsign_fkh.tdf
    Info (12023): Found entity 1: sign_div_unsign_fkh File: /home/maomv/repo/lsd-pf/db/sign_div_unsign_fkh.tdf Line: 25
Info (12021): Found 1 design units, including 1 entities, in source file db/alt_u_div_i4f.tdf
    Info (12023): Found entity 1: alt_u_div_i4f File: /home/maomv/repo/lsd-pf/db/alt_u_div_i4f.tdf Line: 27
Info (12130): Elaborated megafunction instantiation "DataDisplayManager:RomDisplay|lpm_divide:Div1" File: /home/maomv/repo/lsd-pf/DataDisplayManager.vhd Line: 24
Info (12133): Instantiated megafunction "DataDisplayManager:RomDisplay|lpm_divide:Div1" with the following parameter: File: /home/maomv/repo/lsd-pf/DataDisplayManager.vhd Line: 24
    Info (12134): Parameter "LPM_WIDTHN" = "8"
    Info (12134): Parameter "LPM_WIDTHD" = "4"
    Info (12134): Parameter "LPM_NREPRESENTATION" = "UNSIGNED"
    Info (12134): Parameter "LPM_DREPRESENTATION" = "UNSIGNED"
Info (12021): Found 1 design units, including 1 entities, in source file db/lpm_divide_jhm.tdf
    Info (12023): Found entity 1: lpm_divide_jhm File: /home/maomv/repo/lsd-pf/db/lpm_divide_jhm.tdf Line: 25
Info (12021): Found 1 design units, including 1 entities, in source file db/sign_div_unsign_bkh.tdf
    Info (12023): Found entity 1: sign_div_unsign_bkh File: /home/maomv/repo/lsd-pf/db/sign_div_unsign_bkh.tdf Line: 25
Info (12021): Found 1 design units, including 1 entities, in source file db/alt_u_div_a4f.tdf
    Info (12023): Found entity 1: alt_u_div_a4f File: /home/maomv/repo/lsd-pf/db/alt_u_div_a4f.tdf Line: 27
Info (12130): Elaborated megafunction instantiation "DataDisplayManager:RomDisplay|lpm_divide:Mod2" File: /home/maomv/repo/lsd-pf/DataDisplayManager.vhd Line: 25
Info (12133): Instantiated megafunction "DataDisplayManager:RomDisplay|lpm_divide:Mod2" with the following parameter: File: /home/maomv/repo/lsd-pf/DataDisplayManager.vhd Line: 25
    Info (12134): Parameter "LPM_WIDTHN" = "8"
    Info (12134): Parameter "LPM_WIDTHD" = "8"
    Info (12134): Parameter "LPM_NREPRESENTATION" = "UNSIGNED"
    Info (12134): Parameter "LPM_DREPRESENTATION" = "UNSIGNED"
Warning (13024): Output pins are stuck at VCC or GND
    Warning (13410): Pin "HEX7[0]" is stuck at GND File: /home/maomv/repo/lsd-pf/FiltroMediaMovel.vhd Line: 10
    Warning (13410): Pin "HEX7[1]" is stuck at GND File: /home/maomv/repo/lsd-pf/FiltroMediaMovel.vhd Line: 10
    Warning (13410): Pin "HEX7[2]" is stuck at GND File: /home/maomv/repo/lsd-pf/FiltroMediaMovel.vhd Line: 10
    Warning (13410): Pin "HEX7[3]" is stuck at GND File: /home/maomv/repo/lsd-pf/FiltroMediaMovel.vhd Line: 10
    Warning (13410): Pin "HEX7[4]" is stuck at GND File: /home/maomv/repo/lsd-pf/FiltroMediaMovel.vhd Line: 10
    Warning (13410): Pin "HEX7[5]" is stuck at GND File: /home/maomv/repo/lsd-pf/FiltroMediaMovel.vhd Line: 10
    Warning (13410): Pin "HEX7[6]" is stuck at GND File: /home/maomv/repo/lsd-pf/FiltroMediaMovel.vhd Line: 10
    Warning (13410): Pin "HEX6[0]" is stuck at GND File: /home/maomv/repo/lsd-pf/FiltroMediaMovel.vhd Line: 10
    Warning (13410): Pin "HEX6[1]" is stuck at GND File: /home/maomv/repo/lsd-pf/FiltroMediaMovel.vhd Line: 10
    Warning (13410): Pin "HEX6[2]" is stuck at GND File: /home/maomv/repo/lsd-pf/FiltroMediaMovel.vhd Line: 10
    Warning (13410): Pin "HEX6[3]" is stuck at GND File: /home/maomv/repo/lsd-pf/FiltroMediaMovel.vhd Line: 10
    Warning (13410): Pin "HEX6[4]" is stuck at GND File: /home/maomv/repo/lsd-pf/FiltroMediaMovel.vhd Line: 10
    Warning (13410): Pin "HEX6[5]" is stuck at GND File: /home/maomv/repo/lsd-pf/FiltroMediaMovel.vhd Line: 10
    Warning (13410): Pin "HEX6[6]" is stuck at GND File: /home/maomv/repo/lsd-pf/FiltroMediaMovel.vhd Line: 10
    Warning (13410): Pin "HEX5[0]" is stuck at GND File: /home/maomv/repo/lsd-pf/FiltroMediaMovel.vhd Line: 10
    Warning (13410): Pin "HEX5[1]" is stuck at GND File: /home/maomv/repo/lsd-pf/FiltroMediaMovel.vhd Line: 10
    Warning (13410): Pin "HEX5[2]" is stuck at GND File: /home/maomv/repo/lsd-pf/FiltroMediaMovel.vhd Line: 10
    Warning (13410): Pin "HEX5[3]" is stuck at GND File: /home/maomv/repo/lsd-pf/FiltroMediaMovel.vhd Line: 10
    Warning (13410): Pin "HEX5[4]" is stuck at GND File: /home/maomv/repo/lsd-pf/FiltroMediaMovel.vhd Line: 10
    Warning (13410): Pin "HEX5[5]" is stuck at GND File: /home/maomv/repo/lsd-pf/FiltroMediaMovel.vhd Line: 10
    Warning (13410): Pin "HEX5[6]" is stuck at GND File: /home/maomv/repo/lsd-pf/FiltroMediaMovel.vhd Line: 10
    Warning (13410): Pin "HEX4[0]" is stuck at GND File: /home/maomv/repo/lsd-pf/FiltroMediaMovel.vhd Line: 10
    Warning (13410): Pin "HEX4[1]" is stuck at GND File: /home/maomv/repo/lsd-pf/FiltroMediaMovel.vhd Line: 10
    Warning (13410): Pin "HEX4[2]" is stuck at GND File: /home/maomv/repo/lsd-pf/FiltroMediaMovel.vhd Line: 10
    Warning (13410): Pin "HEX4[3]" is stuck at GND File: /home/maomv/repo/lsd-pf/FiltroMediaMovel.vhd Line: 10
    Warning (13410): Pin "HEX4[4]" is stuck at GND File: /home/maomv/repo/lsd-pf/FiltroMediaMovel.vhd Line: 10
    Warning (13410): Pin "HEX4[5]" is stuck at GND File: /home/maomv/repo/lsd-pf/FiltroMediaMovel.vhd Line: 10
    Warning (13410): Pin "HEX4[6]" is stuck at GND File: /home/maomv/repo/lsd-pf/FiltroMediaMovel.vhd Line: 10
    Warning (13410): Pin "HEX3[0]" is stuck at VCC File: /home/maomv/repo/lsd-pf/FiltroMediaMovel.vhd Line: 11
    Warning (13410): Pin "HEX3[1]" is stuck at VCC File: /home/maomv/repo/lsd-pf/FiltroMediaMovel.vhd Line: 11
    Warning (13410): Pin "HEX3[2]" is stuck at VCC File: /home/maomv/repo/lsd-pf/FiltroMediaMovel.vhd Line: 11
    Warning (13410): Pin "HEX3[3]" is stuck at VCC File: /home/maomv/repo/lsd-pf/FiltroMediaMovel.vhd Line: 11
    Warning (13410): Pin "HEX3[4]" is stuck at VCC File: /home/maomv/repo/lsd-pf/FiltroMediaMovel.vhd Line: 11
    Warning (13410): Pin "HEX3[5]" is stuck at VCC File: /home/maomv/repo/lsd-pf/FiltroMediaMovel.vhd Line: 11
    Warning (13410): Pin "HEX2[1]" is stuck at GND File: /home/maomv/repo/lsd-pf/FiltroMediaMovel.vhd Line: 11
    Warning (13410): Pin "HEX2[6]" is stuck at VCC File: /home/maomv/repo/lsd-pf/FiltroMediaMovel.vhd Line: 11
    Warning (13410): Pin "LEDG[0]" is stuck at GND File: /home/maomv/repo/lsd-pf/FiltroMediaMovel.vhd Line: 12
    Warning (13410): Pin "LEDG[1]" is stuck at GND File: /home/maomv/repo/lsd-pf/FiltroMediaMovel.vhd Line: 12
    Warning (13410): Pin "LEDG[2]" is stuck at GND File: /home/maomv/repo/lsd-pf/FiltroMediaMovel.vhd Line: 12
    Warning (13410): Pin "LEDG[3]" is stuck at GND File: /home/maomv/repo/lsd-pf/FiltroMediaMovel.vhd Line: 12
    Warning (13410): Pin "LEDG[4]" is stuck at GND File: /home/maomv/repo/lsd-pf/FiltroMediaMovel.vhd Line: 12
    Warning (13410): Pin "LEDG[5]" is stuck at GND File: /home/maomv/repo/lsd-pf/FiltroMediaMovel.vhd Line: 12
    Warning (13410): Pin "LEDG[6]" is stuck at GND File: /home/maomv/repo/lsd-pf/FiltroMediaMovel.vhd Line: 12
    Warning (13410): Pin "LEDG[7]" is stuck at GND File: /home/maomv/repo/lsd-pf/FiltroMediaMovel.vhd Line: 12
Info (286030): Timing-Driven Synthesis is running
Info (16010): Generating hard_block partition "hard_block:auto_generated_inst"
    Info (16011): Adding 0 node(s), including 0 DDIO, 0 PLL, 0 transceiver and 0 LCELL
Warning (21074): Design contains 4 input pin(s) that do not drive logic
    Warning (15610): No output dependent on input pin "KEY[0]" File: /home/maomv/repo/lsd-pf/FiltroMediaMovel.vhd Line: 8
    Warning (15610): No output dependent on input pin "KEY[1]" File: /home/maomv/repo/lsd-pf/FiltroMediaMovel.vhd Line: 8
    Warning (15610): No output dependent on input pin "KEY[2]" File: /home/maomv/repo/lsd-pf/FiltroMediaMovel.vhd Line: 8
    Warning (15610): No output dependent on input pin "SW[0]" File: /home/maomv/repo/lsd-pf/FiltroMediaMovel.vhd Line: 9
Info (21057): Implemented 576 device resources after synthesis - the final resource count might be different
    Info (21058): Implemented 5 input pins
    Info (21059): Implemented 64 output pins
    Info (21061): Implemented 507 logic cells
Info: Quartus Prime Analysis & Synthesis was successful. 0 errors, 64 warnings
    Info: Peak virtual memory: 960 megabytes
    Info: Processing ended: Fri Jun 10 18:28:33 2022
    Info: Elapsed time: 00:00:11
    Info: Total CPU time (on all processors): 00:00:22


